Arguments: 
  C:\Program Files\nodejs\node.exe C:\Users\kaysee\.node\corepack\yarn\1.22.19\bin\yarn.js install

PATH: 
  C:\Program Files\PowerShell\7;C:\Program Files (x86)\Common Files\Oracle\Java\javapath;C:\WINDOWS\system32;C:\WINDOWS;C:\WINDOWS\System32\Wbem;C:\WINDOWS\System32\WindowsPowerShell\v1.0\;C:\WINDOWS\System32\OpenSSH\;C:\Program Files\Git\cmd;C:\ProgramData\chocolatey\bin;C:\Program Files\dotnet\;C:\Program Files\WireGuard\;C:\mongosh-1.6.0-win32-x64\bin;C:\Program Files\nodejs\;C:\Program Files\PowerShell\7\;C:\src\flutter\bin;C:\Users\kaysee\AppData\Local\Microsoft\WindowsApps;C:\Users\kaysee\AppData\Local\Programs\Microsoft VS Code\bin;C:\platform-tools_r33.0.1-windows\platform-tools;C:\Program Files\Android\Android Studio\jre\bin;C:\Program Files (x86)\Nmap;C:\Users\kaysee\AppData\Roaming\npm;C:\Users\kaysee\AppData\Local\Programs\MiKTeX\miktex\bin\x64\

Yarn version: 
  1.22.19

Node version: 
  16.18.0

Platform: 
  win32 x64

Trace: 
  Error: connect ETIMEDOUT 104.16.20.35:443
      at TCPConnectWrap.afterConnect [as oncomplete] (node:net:1278:16)

npm manifest: 
  {
    "name": "famco",
    "version": "1.0.0",
    "main": "node_modules/expo/AppEntry.js",
    "scripts": {
      "start": "expo start",
      "android": "expo start --android",
      "ios": "expo start --ios",
      "web": "expo start --web"
    },
    "dependencies": {
      "@expo/webpack-config": "^0.17.0",
      "@react-native-async-storage/async-storage": "^1.17.10",
      "@react-native-community/netinfo": "^9.3.0",
      "@react-navigation/bottom-tabs": "^6.3.3",
      "@react-navigation/native": "^6.0.12",
      "@react-navigation/native-stack": "^6.8.0",
      "amazon-cognito-identity-js": "^5.2.10",
      "aws-amplify": "^4.3.34",
      "aws-amplify-react-native": "^6.0.5",
      "expo": "~46.0.9",
      "expo-camera": "~12.3.0",
      "expo-image-picker": "~13.3.1",
      "expo-status-bar": "~1.4.0",
      "moment": "^2.29.4",
      "react": "18.0.0",
      "react-dom": "18.0.0",
      "react-hook-form": "^7.34.2",
      "react-native": "0.69.5",
      "react-native-gesture-handler": "~2.5.0",
      "react-native-paper": "^5.0.0-rc.5",
      "react-native-reanimated": "~2.9.1",
      "react-native-safe-area-context": "^4.3.1",
      "react-native-screens": "~3.15.0",
      "react-native-vector-icons": "^9.2.0",
      "react-native-web": "~0.18.7",
      "reanimated-bottom-sheet": "^1.0.0-alpha.22"
    },
    "devDependencies": {
      "@babel/core": "^7.12.9"
    },
    "private": true
  }

yarn manifest: 
  No manifest

Lockfile: 
  No lockfile
